#! /usr/bin/vvp
:ivl_version "11.0 (stable)";
:ivl_delay_selection "TYPICAL";
:vpi_time_precision - 12;
:vpi_module "/usr/lib/x86_64-linux-gnu/ivl/system.vpi";
:vpi_module "/usr/lib/x86_64-linux-gnu/ivl/vhdl_sys.vpi";
:vpi_module "/usr/lib/x86_64-linux-gnu/ivl/vhdl_textio.vpi";
:vpi_module "/usr/lib/x86_64-linux-gnu/ivl/v2005_math.vpi";
:vpi_module "/usr/lib/x86_64-linux-gnu/ivl/va_math.vpi";
:vpi_module "/usr/lib/x86_64-linux-gnu/ivl/v2009.vpi";
S_0x56bca86adce0 .scope package, "$unit" "$unit" 2 1;
 .timescale 0 0;
S_0x56bca86ab480 .scope module, "tb_NxN_systolic_array_4x4" "tb_NxN_systolic_array_4x4" 3 3;
 .timescale -9 -12;
P_0x56bca86d02f0 .param/l "CW" 0 3 8, +C4<00000000000000000000000000100000>;
P_0x56bca86d0330 .param/l "DW" 0 3 7, +C4<00000000000000000000000000001000>;
P_0x56bca86d0370 .param/l "N" 0 3 6, +C4<00000000000000000000000000000100>;
L_0x56bca870f920 .functor BUFZ 32, v0x56bca86b12d0_0, C4<00000000000000000000000000000000>, C4<00000000000000000000000000000000>, C4<00000000000000000000000000000000>;
L_0x56bca870f9e0 .functor BUFZ 32, v0x56bca86ff980_0, C4<00000000000000000000000000000000>, C4<00000000000000000000000000000000>, C4<00000000000000000000000000000000>;
L_0x56bca870fb00 .functor BUFZ 32, v0x56bca8700560_0, C4<00000000000000000000000000000000>, C4<00000000000000000000000000000000>, C4<00000000000000000000000000000000>;
L_0x56bca870fb70 .functor BUFZ 32, v0x56bca87012b0_0, C4<00000000000000000000000000000000>, C4<00000000000000000000000000000000>, C4<00000000000000000000000000000000>;
L_0x56bca870fca0 .functor BUFZ 32, v0x56bca87021f0_0, C4<00000000000000000000000000000000>, C4<00000000000000000000000000000000>, C4<00000000000000000000000000000000>;
L_0x56bca870fd60 .functor BUFZ 32, v0x56bca8702de0_0, C4<00000000000000000000000000000000>, C4<00000000000000000000000000000000>, C4<00000000000000000000000000000000>;
L_0x56bca870fc30 .functor BUFZ 32, v0x56bca8703b40_0, C4<00000000000000000000000000000000>, C4<00000000000000000000000000000000>, C4<00000000000000000000000000000000>;
L_0x56bca870fef0 .functor BUFZ 32, v0x56bca8704890_0, C4<00000000000000000000000000000000>, C4<00000000000000000000000000000000>, C4<00000000000000000000000000000000>;
L_0x56bca8710040 .functor BUFZ 32, v0x56bca87058e0_0, C4<00000000000000000000000000000000>, C4<00000000000000000000000000000000>, C4<00000000000000000000000000000000>;
L_0x56bca8710100 .functor BUFZ 32, v0x56bca8706740_0, C4<00000000000000000000000000000000>, C4<00000000000000000000000000000000>, C4<00000000000000000000000000000000>;
L_0x56bca8710260 .functor BUFZ 32, v0x56bca87074a0_0, C4<00000000000000000000000000000000>, C4<00000000000000000000000000000000>, C4<00000000000000000000000000000000>;
L_0x56bca8710320 .functor BUFZ 32, v0x56bca87081f0_0, C4<00000000000000000000000000000000>, C4<00000000000000000000000000000000>, C4<00000000000000000000000000000000>;
L_0x56bca8710490 .functor BUFZ 32, v0x56bca8709230_0, C4<00000000000000000000000000000000>, C4<00000000000000000000000000000000>, C4<00000000000000000000000000000000>;
L_0x56bca8710550 .functor BUFZ 32, v0x56bca8709f80_0, C4<00000000000000000000000000000000>, C4<00000000000000000000000000000000>, C4<00000000000000000000000000000000>;
L_0x56bca87106d0 .functor BUFZ 32, v0x56bca870ace0_0, C4<00000000000000000000000000000000>, C4<00000000000000000000000000000000>, C4<00000000000000000000000000000000>;
L_0x56bca8710790 .functor BUFZ 32, v0x56bca870ba30_0, C4<00000000000000000000000000000000>, C4<00000000000000000000000000000000>, C4<00000000000000000000000000000000>;
v0x56bca870de50 .array/i "A", 15 0, 31 0;
v0x56bca870def0 .array/i "B", 15 0, 31 0;
v0x56bca870df90 .array/i "C_ref", 15 0, 31 0;
v0x56bca870e060 .array/s "a_in", 3 0, 7 0;
v0x56bca870e130 .array/s "a_used", 3 0, 7 0;
v0x56bca870e220 .array/s "b_in", 3 0, 7 0;
v0x56bca870e2c0 .array/s "b_used", 3 0, 7 0;
v0x56bca870e360_0 .var/i "c", 31 0;
v0x56bca870e440 .array "c_out", 15 0;
v0x56bca870e440_0 .net/s v0x56bca870e440 0, 31 0, L_0x56bca870f920; 1 drivers
v0x56bca870e440_1 .net/s v0x56bca870e440 1, 31 0, L_0x56bca870f9e0; 1 drivers
v0x56bca870e440_2 .net/s v0x56bca870e440 2, 31 0, L_0x56bca870fb00; 1 drivers
v0x56bca870e440_3 .net/s v0x56bca870e440 3, 31 0, L_0x56bca870fb70; 1 drivers
v0x56bca870e440_4 .net/s v0x56bca870e440 4, 31 0, L_0x56bca870fca0; 1 drivers
v0x56bca870e440_5 .net/s v0x56bca870e440 5, 31 0, L_0x56bca870fd60; 1 drivers
v0x56bca870e440_6 .net/s v0x56bca870e440 6, 31 0, L_0x56bca870fc30; 1 drivers
v0x56bca870e440_7 .net/s v0x56bca870e440 7, 31 0, L_0x56bca870fef0; 1 drivers
v0x56bca870e440_8 .net/s v0x56bca870e440 8, 31 0, L_0x56bca8710040; 1 drivers
v0x56bca870e440_9 .net/s v0x56bca870e440 9, 31 0, L_0x56bca8710100; 1 drivers
v0x56bca870e440_10 .net/s v0x56bca870e440 10, 31 0, L_0x56bca8710260; 1 drivers
v0x56bca870e440_11 .net/s v0x56bca870e440 11, 31 0, L_0x56bca8710320; 1 drivers
v0x56bca870e440_12 .net/s v0x56bca870e440 12, 31 0, L_0x56bca8710490; 1 drivers
v0x56bca870e440_13 .net/s v0x56bca870e440 13, 31 0, L_0x56bca8710550; 1 drivers
v0x56bca870e440_14 .net/s v0x56bca870e440 14, 31 0, L_0x56bca87106d0; 1 drivers
v0x56bca870e440_15 .net/s v0x56bca870e440 15, 31 0, L_0x56bca8710790; 1 drivers
v0x56bca870e700_0 .var "clear", 0 0;
v0x56bca870e7a0_0 .var "clk", 0 0;
v0x56bca870e840_0 .var/i "cycle", 31 0;
v0x56bca870e920_0 .var/i "errors", 31 0;
v0x56bca870ea00_0 .var/i "i", 31 0;
v0x56bca870eae0_0 .var/i "j", 31 0;
v0x56bca870ebc0_0 .var/i "k", 31 0;
v0x56bca870eca0_0 .var/i "r", 31 0;
v0x56bca870ed80_0 .var "rst", 0 0;
v0x56bca870ee20_0 .var/i "t", 31 0;
E_0x56bca863a650 .event posedge, v0x56bca86feeb0_0;
S_0x56bca86acc80 .scope module, "dut" "systolic_array" 3 30, 4 3 0, S_0x56bca86ab480;
 .timescale -9 -12;
    .port_info 0 /INPUT 1 "clk";
    .port_info 1 /INPUT 1 "rst";
    .port_info 2 /INPUT 1 "clear";
    .port_info 3 /INPUT 32 "a_in";
    .port_info 4 /INPUT 32 "b_in";
    .port_info 5 /OUTPUT 512 "c_out";
P_0x56bca86c0ae0 .param/l "CW" 0 4 6, +C4<00000000000000000000000000100000>;
P_0x56bca86c0b20 .param/l "DW" 0 4 5, +C4<00000000000000000000000000001000>;
P_0x56bca86c0b60 .param/l "N" 0 4 4, +C4<00000000000000000000000000000100>;
v0x56bca870c9b0 .array "a_bus", 19 0;
v0x56bca870c9b0_0 .net/s v0x56bca870c9b0 0, 7 0, L_0x56bca86be580; 1 drivers
v0x56bca870c9b0_1 .net/s v0x56bca870c9b0 1, 7 0, v0x56bca86b3570_0; 1 drivers
v0x56bca870c9b0_2 .net/s v0x56bca870c9b0 2, 7 0, v0x56bca86ff720_0; 1 drivers
v0x56bca870c9b0_3 .net/s v0x56bca870c9b0 3, 7 0, v0x56bca8700300_0; 1 drivers
v0x56bca870c9b0_4 .net/s v0x56bca870c9b0 4, 7 0, v0x56bca8701050_0; 1 drivers
v0x56bca870c9b0_5 .net/s v0x56bca870c9b0 5, 7 0, L_0x56bca86b9ea0; 1 drivers
v0x56bca870c9b0_6 .net/s v0x56bca870c9b0 6, 7 0, v0x56bca8701fb0_0; 1 drivers
v0x56bca870c9b0_7 .net/s v0x56bca870c9b0 7, 7 0, v0x56bca8702b90_0; 1 drivers
v0x56bca870c9b0_8 .net/s v0x56bca870c9b0 8, 7 0, v0x56bca87038c0_0; 1 drivers
v0x56bca870c9b0_9 .net/s v0x56bca870c9b0 9, 7 0, v0x56bca8704610_0; 1 drivers
v0x56bca870c9b0_10 .net/s v0x56bca870c9b0 10, 7 0, L_0x56bca86b57c0; 1 drivers
v0x56bca870c9b0_11 .net/s v0x56bca870c9b0 11, 7 0, v0x56bca8705640_0; 1 drivers
v0x56bca870c9b0_12 .net/s v0x56bca870c9b0 12, 7 0, v0x56bca87064c0_0; 1 drivers
v0x56bca870c9b0_13 .net/s v0x56bca870c9b0 13, 7 0, v0x56bca8707220_0; 1 drivers
v0x56bca870c9b0_14 .net/s v0x56bca870c9b0 14, 7 0, v0x56bca8707f70_0; 1 drivers
v0x56bca870c9b0_15 .net/s v0x56bca870c9b0 15, 7 0, L_0x56bca86b10e0; 1 drivers
v0x56bca870c9b0_16 .net/s v0x56bca870c9b0 16, 7 0, v0x56bca8708fc0_0; 1 drivers
v0x56bca870c9b0_17 .net/s v0x56bca870c9b0 17, 7 0, v0x56bca8709d00_0; 1 drivers
v0x56bca870c9b0_18 .net/s v0x56bca870c9b0 18, 7 0, v0x56bca870aa60_0; 1 drivers
v0x56bca870c9b0_19 .net/s v0x56bca870c9b0 19, 7 0, v0x56bca870b7b0_0; 1 drivers
v0x56bca870e060_0 .array/port v0x56bca870e060, 0;
v0x56bca870ce30 .array "a_in", 3 0;
v0x56bca870ce30_0 .net/s v0x56bca870ce30 0, 7 0, v0x56bca870e060_0; 1 drivers
v0x56bca870e060_1 .array/port v0x56bca870e060, 1;
v0x56bca870ce30_1 .net/s v0x56bca870ce30 1, 7 0, v0x56bca870e060_1; 1 drivers
v0x56bca870e060_2 .array/port v0x56bca870e060, 2;
v0x56bca870ce30_2 .net/s v0x56bca870ce30 2, 7 0, v0x56bca870e060_2; 1 drivers
v0x56bca870e060_3 .array/port v0x56bca870e060, 3;
v0x56bca870ce30_3 .net/s v0x56bca870ce30 3, 7 0, v0x56bca870e060_3; 1 drivers
v0x56bca870ced0 .array "b_bus", 19 0;
v0x56bca870ced0_0 .net/s v0x56bca870ced0 0, 7 0, L_0x56bca86bc210; 1 drivers
v0x56bca870ced0_1 .net/s v0x56bca870ced0 1, 7 0, L_0x56bca86b7b30; 1 drivers
v0x56bca870ced0_2 .net/s v0x56bca870ced0 2, 7 0, L_0x56bca86b3450; 1 drivers
v0x56bca870ced0_3 .net/s v0x56bca870ced0 3, 7 0, L_0x56bca870f160; 1 drivers
v0x56bca870ced0_4 .net/s v0x56bca870ced0 4, 7 0, v0x56bca86b1200_0; 1 drivers
v0x56bca870ced0_5 .net/s v0x56bca870ced0 5, 7 0, v0x56bca86ff8a0_0; 1 drivers
v0x56bca870ced0_6 .net/s v0x56bca870ced0 6, 7 0, v0x56bca8700480_0; 1 drivers
v0x56bca870ced0_7 .net/s v0x56bca870ced0 7, 7 0, v0x56bca87011d0_0; 1 drivers
v0x56bca870ced0_8 .net/s v0x56bca870ced0 8, 7 0, v0x56bca8702130_0; 1 drivers
v0x56bca870ced0_9 .net/s v0x56bca870ced0 9, 7 0, v0x56bca8702d20_0; 1 drivers
v0x56bca870ced0_10 .net/s v0x56bca870ced0 10, 7 0, v0x56bca8703a80_0; 1 drivers
v0x56bca870ced0_11 .net/s v0x56bca870ced0 11, 7 0, v0x56bca87047d0_0; 1 drivers
v0x56bca870ced0_12 .net/s v0x56bca870ced0 12, 7 0, v0x56bca8705820_0; 1 drivers
v0x56bca870ced0_13 .net/s v0x56bca870ced0 13, 7 0, v0x56bca8706680_0; 1 drivers
v0x56bca870ced0_14 .net/s v0x56bca870ced0 14, 7 0, v0x56bca87073e0_0; 1 drivers
v0x56bca870ced0_15 .net/s v0x56bca870ced0 15, 7 0, v0x56bca8708130_0; 1 drivers
v0x56bca870ced0_16 .net/s v0x56bca870ced0 16, 7 0, v0x56bca8709170_0; 1 drivers
v0x56bca870ced0_17 .net/s v0x56bca870ced0 17, 7 0, v0x56bca8709ec0_0; 1 drivers
v0x56bca870ced0_18 .net/s v0x56bca870ced0 18, 7 0, v0x56bca870ac20_0; 1 drivers
v0x56bca870ced0_19 .net/s v0x56bca870ced0 19, 7 0, v0x56bca870b970_0; 1 drivers
v0x56bca870e220_0 .array/port v0x56bca870e220, 0;
v0x56bca870d330 .array "b_in", 3 0;
v0x56bca870d330_0 .net/s v0x56bca870d330 0, 7 0, v0x56bca870e220_0; 1 drivers
v0x56bca870e220_1 .array/port v0x56bca870e220, 1;
v0x56bca870d330_1 .net/s v0x56bca870d330 1, 7 0, v0x56bca870e220_1; 1 drivers
v0x56bca870e220_2 .array/port v0x56bca870e220, 2;
v0x56bca870d330_2 .net/s v0x56bca870d330 2, 7 0, v0x56bca870e220_2; 1 drivers
v0x56bca870e220_3 .array/port v0x56bca870e220, 3;
v0x56bca870d330_3 .net/s v0x56bca870d330 3, 7 0, v0x56bca870e220_3; 1 drivers
v0x56bca870d3d0 .array "c_out", 15 0;
v0x56bca870d3d0_0 .net/s v0x56bca870d3d0 0, 31 0, v0x56bca86b12d0_0; 1 drivers
v0x56bca870d3d0_1 .net/s v0x56bca870d3d0 1, 31 0, v0x56bca86ff980_0; 1 drivers
v0x56bca870d3d0_2 .net/s v0x56bca870d3d0 2, 31 0, v0x56bca8700560_0; 1 drivers
v0x56bca870d3d0_3 .net/s v0x56bca870d3d0 3, 31 0, v0x56bca87012b0_0; 1 drivers
v0x56bca870d3d0_4 .net/s v0x56bca870d3d0 4, 31 0, v0x56bca87021f0_0; 1 drivers
v0x56bca870d3d0_5 .net/s v0x56bca870d3d0 5, 31 0, v0x56bca8702de0_0; 1 drivers
v0x56bca870d3d0_6 .net/s v0x56bca870d3d0 6, 31 0, v0x56bca8703b40_0; 1 drivers
v0x56bca870d3d0_7 .net/s v0x56bca870d3d0 7, 31 0, v0x56bca8704890_0; 1 drivers
v0x56bca870d3d0_8 .net/s v0x56bca870d3d0 8, 31 0, v0x56bca87058e0_0; 1 drivers
v0x56bca870d3d0_9 .net/s v0x56bca870d3d0 9, 31 0, v0x56bca8706740_0; 1 drivers
v0x56bca870d3d0_10 .net/s v0x56bca870d3d0 10, 31 0, v0x56bca87074a0_0; 1 drivers
v0x56bca870d3d0_11 .net/s v0x56bca870d3d0 11, 31 0, v0x56bca87081f0_0; 1 drivers
v0x56bca870d3d0_12 .net/s v0x56bca870d3d0 12, 31 0, v0x56bca8709230_0; 1 drivers
v0x56bca870d3d0_13 .net/s v0x56bca870d3d0 13, 31 0, v0x56bca8709f80_0; 1 drivers
v0x56bca870d3d0_14 .net/s v0x56bca870d3d0 14, 31 0, v0x56bca870ace0_0; 1 drivers
v0x56bca870d3d0_15 .net/s v0x56bca870d3d0 15, 31 0, v0x56bca870ba30_0; 1 drivers
v0x56bca870d640_0 .net "clear", 0 0, v0x56bca870e700_0;  1 drivers
v0x56bca870d8f0_0 .net "clk", 0 0, v0x56bca870e7a0_0;  1 drivers
v0x56bca870dba0_0 .net "rst", 0 0, v0x56bca870ed80_0;  1 drivers
S_0x56bca86ad4b0 .scope generate, "ROW[0]" "ROW[0]" 4 34, 4 34 0, S_0x56bca86acc80;
 .timescale -9 -12;
P_0x56bca86d8b30 .param/l "i" 0 4 34, +C4<00>;
S_0x56bca86ce4f0 .scope generate, "COL[0]" "COL[0]" 4 35, 4 35 0, S_0x56bca86ad4b0;
 .timescale -9 -12;
P_0x56bca86e33e0 .param/l "j" 0 4 35, +C4<00>;
S_0x56bca86cc180 .scope module, "PE" "pe" 4 36, 5 1 0, S_0x56bca86ce4f0;
 .timescale 0 0;
    .port_info 0 /INPUT 1 "clk";
    .port_info 1 /INPUT 1 "rst";
    .port_info 2 /INPUT 1 "clear";
    .port_info 3 /INPUT 8 "a_in";
    .port_info 4 /INPUT 8 "b_in";
    .port_info 5 /OUTPUT 8 "a_out";
    .port_info 6 /OUTPUT 8 "b_out";
    .port_info 7 /OUTPUT 32 "c";
v0x56bca86b59b0_0 .net/s "a_in", 7 0, L_0x56bca86be580;  alias, 1 drivers
v0x56bca86b3570_0 .var/s "a_out", 7 0;
v0x56bca86b3640_0 .net/s "b_in", 7 0, L_0x56bca86bc210;  alias, 1 drivers
v0x56bca86b1200_0 .var/s "b_out", 7 0;
v0x56bca86b12d0_0 .var/s "c", 31 0;
v0x56bca86e7800_0 .net "clear", 0 0, v0x56bca870e700_0;  alias, 1 drivers
v0x56bca86feeb0_0 .net "clk", 0 0, v0x56bca870e7a0_0;  alias, 1 drivers
v0x56bca86fef70_0 .net "rst", 0 0, v0x56bca870ed80_0;  alias, 1 drivers
E_0x56bca863a400 .event posedge, v0x56bca86fef70_0, v0x56bca86feeb0_0;
S_0x56bca86ff180 .scope generate, "COL[1]" "COL[1]" 4 35, 4 35 0, S_0x56bca86ad4b0;
 .timescale -9 -12;
P_0x56bca86ff350 .param/l "j" 0 4 35, +C4<01>;
S_0x56bca86ff410 .scope module, "PE" "pe" 4 36, 5 1 0, S_0x56bca86ff180;
 .timescale 0 0;
    .port_info 0 /INPUT 1 "clk";
    .port_info 1 /INPUT 1 "rst";
    .port_info 2 /INPUT 1 "clear";
    .port_info 3 /INPUT 8 "a_in";
    .port_info 4 /INPUT 8 "b_in";
    .port_info 5 /OUTPUT 8 "a_out";
    .port_info 6 /OUTPUT 8 "b_out";
    .port_info 7 /OUTPUT 32 "c";
v0x56bca86ff640_0 .net/s "a_in", 7 0, v0x56bca86b3570_0;  alias, 1 drivers
v0x56bca86ff720_0 .var/s "a_out", 7 0;
v0x56bca86ff7e0_0 .net/s "b_in", 7 0, L_0x56bca86b7b30;  alias, 1 drivers
v0x56bca86ff8a0_0 .var/s "b_out", 7 0;
v0x56bca86ff980_0 .var/s "c", 31 0;
v0x56bca86ffab0_0 .net "clear", 0 0, v0x56bca870e700_0;  alias, 1 drivers
v0x56bca86ffb50_0 .net "clk", 0 0, v0x56bca870e7a0_0;  alias, 1 drivers
v0x56bca86ffbf0_0 .net "rst", 0 0, v0x56bca870ed80_0;  alias, 1 drivers
S_0x56bca86ffd80 .scope generate, "COL[2]" "COL[2]" 4 35, 4 35 0, S_0x56bca86ad4b0;
 .timescale -9 -12;
P_0x56bca86fff30 .param/l "j" 0 4 35, +C4<010>;
S_0x56bca86ffff0 .scope module, "PE" "pe" 4 36, 5 1 0, S_0x56bca86ffd80;
 .timescale 0 0;
    .port_info 0 /INPUT 1 "clk";
    .port_info 1 /INPUT 1 "rst";
    .port_info 2 /INPUT 1 "clear";
    .port_info 3 /INPUT 8 "a_in";
    .port_info 4 /INPUT 8 "b_in";
    .port_info 5 /OUTPUT 8 "a_out";
    .port_info 6 /OUTPUT 8 "b_out";
    .port_info 7 /OUTPUT 32 "c";
v0x56bca8700220_0 .net/s "a_in", 7 0, v0x56bca86ff720_0;  alias, 1 drivers
v0x56bca8700300_0 .var/s "a_out", 7 0;
v0x56bca87003c0_0 .net/s "b_in", 7 0, L_0x56bca86b3450;  alias, 1 drivers
v0x56bca8700480_0 .var/s "b_out", 7 0;
v0x56bca8700560_0 .var/s "c", 31 0;
v0x56bca8700690_0 .net "clear", 0 0, v0x56bca870e700_0;  alias, 1 drivers
v0x56bca8700780_0 .net "clk", 0 0, v0x56bca870e7a0_0;  alias, 1 drivers
v0x56bca8700870_0 .net "rst", 0 0, v0x56bca870ed80_0;  alias, 1 drivers
S_0x56bca8700ab0 .scope generate, "COL[3]" "COL[3]" 4 35, 4 35 0, S_0x56bca86ad4b0;
 .timescale -9 -12;
P_0x56bca8700c60 .param/l "j" 0 4 35, +C4<011>;
S_0x56bca8700d40 .scope module, "PE" "pe" 4 36, 5 1 0, S_0x56bca8700ab0;
 .timescale 0 0;
    .port_info 0 /INPUT 1 "clk";
    .port_info 1 /INPUT 1 "rst";
    .port_info 2 /INPUT 1 "clear";
    .port_info 3 /INPUT 8 "a_in";
    .port_info 4 /INPUT 8 "b_in";
    .port_info 5 /OUTPUT 8 "a_out";
    .port_info 6 /OUTPUT 8 "b_out";
    .port_info 7 /OUTPUT 32 "c";
v0x56bca8700f70_0 .net/s "a_in", 7 0, v0x56bca8700300_0;  alias, 1 drivers
v0x56bca8701050_0 .var/s "a_out", 7 0;
v0x56bca8701110_0 .net/s "b_in", 7 0, L_0x56bca870f160;  alias, 1 drivers
v0x56bca87011d0_0 .var/s "b_out", 7 0;
v0x56bca87012b0_0 .var/s "c", 31 0;
v0x56bca87013e0_0 .net "clear", 0 0, v0x56bca870e700_0;  alias, 1 drivers
v0x56bca8701480_0 .net "clk", 0 0, v0x56bca870e7a0_0;  alias, 1 drivers
v0x56bca8701520_0 .net "rst", 0 0, v0x56bca870ed80_0;  alias, 1 drivers
S_0x56bca8701710 .scope generate, "ROW[1]" "ROW[1]" 4 34, 4 34 0, S_0x56bca86acc80;
 .timescale -9 -12;
P_0x56bca87018e0 .param/l "i" 0 4 34, +C4<01>;
S_0x56bca87019a0 .scope generate, "COL[0]" "COL[0]" 4 35, 4 35 0, S_0x56bca8701710;
 .timescale -9 -12;
P_0x56bca8701ba0 .param/l "j" 0 4 35, +C4<00>;
S_0x56bca8701c80 .scope module, "PE" "pe" 4 36, 5 1 0, S_0x56bca87019a0;
 .timescale 0 0;
    .port_info 0 /INPUT 1 "clk";
    .port_info 1 /INPUT 1 "rst";
    .port_info 2 /INPUT 1 "clear";
    .port_info 3 /INPUT 8 "a_in";
    .port_info 4 /INPUT 8 "b_in";
    .port_info 5 /OUTPUT 8 "a_out";
    .port_info 6 /OUTPUT 8 "b_out";
    .port_info 7 /OUTPUT 32 "c";
v0x56bca8701eb0_0 .net/s "a_in", 7 0, L_0x56bca86b9ea0;  alias, 1 drivers
v0x56bca8701fb0_0 .var/s "a_out", 7 0;
v0x56bca8702090_0 .net/s "b_in", 7 0, v0x56bca86b1200_0;  alias, 1 drivers
v0x56bca8702130_0 .var/s "b_out", 7 0;
v0x56bca87021f0_0 .var/s "c", 31 0;
v0x56bca8702320_0 .net "clear", 0 0, v0x56bca870e700_0;  alias, 1 drivers
v0x56bca87023c0_0 .net "clk", 0 0, v0x56bca870e7a0_0;  alias, 1 drivers
v0x56bca8702460_0 .net "rst", 0 0, v0x56bca870ed80_0;  alias, 1 drivers
S_0x56bca8702690 .scope generate, "COL[1]" "COL[1]" 4 35, 4 35 0, S_0x56bca8701710;
 .timescale -9 -12;
P_0x56bca8700820 .param/l "j" 0 4 35, +C4<01>;
S_0x56bca87028d0 .scope module, "PE" "pe" 4 36, 5 1 0, S_0x56bca8702690;
 .timescale 0 0;
    .port_info 0 /INPUT 1 "clk";
    .port_info 1 /INPUT 1 "rst";
    .port_info 2 /INPUT 1 "clear";
    .port_info 3 /INPUT 8 "a_in";
    .port_info 4 /INPUT 8 "b_in";
    .port_info 5 /OUTPUT 8 "a_out";
    .port_info 6 /OUTPUT 8 "b_out";
    .port_info 7 /OUTPUT 32 "c";
v0x56bca8702ab0_0 .net/s "a_in", 7 0, v0x56bca8701fb0_0;  alias, 1 drivers
v0x56bca8702b90_0 .var/s "a_out", 7 0;
v0x56bca8702c50_0 .net/s "b_in", 7 0, v0x56bca86ff8a0_0;  alias, 1 drivers
v0x56bca8702d20_0 .var/s "b_out", 7 0;
v0x56bca8702de0_0 .var/s "c", 31 0;
v0x56bca8702f10_0 .net "clear", 0 0, v0x56bca870e700_0;  alias, 1 drivers
v0x56bca8702fb0_0 .net "clk", 0 0, v0x56bca870e7a0_0;  alias, 1 drivers
v0x56bca8703050_0 .net "rst", 0 0, v0x56bca870ed80_0;  alias, 1 drivers
S_0x56bca8703240 .scope generate, "COL[2]" "COL[2]" 4 35, 4 35 0, S_0x56bca8701710;
 .timescale -9 -12;
P_0x56bca87033f0 .param/l "j" 0 4 35, +C4<010>;
S_0x56bca87034b0 .scope module, "PE" "pe" 4 36, 5 1 0, S_0x56bca8703240;
 .timescale 0 0;
    .port_info 0 /INPUT 1 "clk";
    .port_info 1 /INPUT 1 "rst";
    .port_info 2 /INPUT 1 "clear";
    .port_info 3 /INPUT 8 "a_in";
    .port_info 4 /INPUT 8 "b_in";
    .port_info 5 /OUTPUT 8 "a_out";
    .port_info 6 /OUTPUT 8 "b_out";
    .port_info 7 /OUTPUT 32 "c";
v0x56bca87037b0_0 .net/s "a_in", 7 0, v0x56bca8702b90_0;  alias, 1 drivers
v0x56bca87038c0_0 .var/s "a_out", 7 0;
v0x56bca8703980_0 .net/s "b_in", 7 0, v0x56bca8700480_0;  alias, 1 drivers
v0x56bca8703a80_0 .var/s "b_out", 7 0;
v0x56bca8703b40_0 .var/s "c", 31 0;
v0x56bca8703c70_0 .net "clear", 0 0, v0x56bca870e700_0;  alias, 1 drivers
v0x56bca8703d10_0 .net "clk", 0 0, v0x56bca870e7a0_0;  alias, 1 drivers
v0x56bca8703db0_0 .net "rst", 0 0, v0x56bca870ed80_0;  alias, 1 drivers
S_0x56bca8703fa0 .scope generate, "COL[3]" "COL[3]" 4 35, 4 35 0, S_0x56bca8701710;
 .timescale -9 -12;
P_0x56bca8704150 .param/l "j" 0 4 35, +C4<011>;
S_0x56bca8704230 .scope module, "PE" "pe" 4 36, 5 1 0, S_0x56bca8703fa0;
 .timescale 0 0;
    .port_info 0 /INPUT 1 "clk";
    .port_info 1 /INPUT 1 "rst";
    .port_info 2 /INPUT 1 "clear";
    .port_info 3 /INPUT 8 "a_in";
    .port_info 4 /INPUT 8 "b_in";
    .port_info 5 /OUTPUT 8 "a_out";
    .port_info 6 /OUTPUT 8 "b_out";
    .port_info 7 /OUTPUT 32 "c";
v0x56bca8704530_0 .net/s "a_in", 7 0, v0x56bca87038c0_0;  alias, 1 drivers
v0x56bca8704610_0 .var/s "a_out", 7 0;
v0x56bca87046d0_0 .net/s "b_in", 7 0, v0x56bca87011d0_0;  alias, 1 drivers
v0x56bca87047d0_0 .var/s "b_out", 7 0;
v0x56bca8704890_0 .var/s "c", 31 0;
v0x56bca87049c0_0 .net "clear", 0 0, v0x56bca870e700_0;  alias, 1 drivers
v0x56bca8704a60_0 .net "clk", 0 0, v0x56bca870e7a0_0;  alias, 1 drivers
v0x56bca8704b00_0 .net "rst", 0 0, v0x56bca870ed80_0;  alias, 1 drivers
S_0x56bca8704cf0 .scope generate, "ROW[2]" "ROW[2]" 4 34, 4 34 0, S_0x56bca86acc80;
 .timescale -9 -12;
P_0x56bca8704ea0 .param/l "i" 0 4 34, +C4<010>;
S_0x56bca8704f60 .scope generate, "COL[0]" "COL[0]" 4 35, 4 35 0, S_0x56bca8704cf0;
 .timescale -9 -12;
P_0x56bca8705160 .param/l "j" 0 4 35, +C4<00>;
S_0x56bca8705240 .scope module, "PE" "pe" 4 36, 5 1 0, S_0x56bca8704f60;
 .timescale 0 0;
    .port_info 0 /INPUT 1 "clk";
    .port_info 1 /INPUT 1 "rst";
    .port_info 2 /INPUT 1 "clear";
    .port_info 3 /INPUT 8 "a_in";
    .port_info 4 /INPUT 8 "b_in";
    .port_info 5 /OUTPUT 8 "a_out";
    .port_info 6 /OUTPUT 8 "b_out";
    .port_info 7 /OUTPUT 32 "c";
v0x56bca8705540_0 .net/s "a_in", 7 0, L_0x56bca86b57c0;  alias, 1 drivers
v0x56bca8705640_0 .var/s "a_out", 7 0;
v0x56bca8705720_0 .net/s "b_in", 7 0, v0x56bca8702130_0;  alias, 1 drivers
v0x56bca8705820_0 .var/s "b_out", 7 0;
v0x56bca87058e0_0 .var/s "c", 31 0;
v0x56bca8705a10_0 .net "clear", 0 0, v0x56bca870e700_0;  alias, 1 drivers
v0x56bca8705ab0_0 .net "clk", 0 0, v0x56bca870e7a0_0;  alias, 1 drivers
v0x56bca8705b50_0 .net "rst", 0 0, v0x56bca870ed80_0;  alias, 1 drivers
S_0x56bca8705e50 .scope generate, "COL[1]" "COL[1]" 4 35, 4 35 0, S_0x56bca8704cf0;
 .timescale -9 -12;
P_0x56bca8706020 .param/l "j" 0 4 35, +C4<01>;
S_0x56bca87060e0 .scope module, "PE" "pe" 4 36, 5 1 0, S_0x56bca8705e50;
 .timescale 0 0;
    .port_info 0 /INPUT 1 "clk";
    .port_info 1 /INPUT 1 "rst";
    .port_info 2 /INPUT 1 "clear";
    .port_info 3 /INPUT 8 "a_in";
    .port_info 4 /INPUT 8 "b_in";
    .port_info 5 /OUTPUT 8 "a_out";
    .port_info 6 /OUTPUT 8 "b_out";
    .port_info 7 /OUTPUT 32 "c";
v0x56bca87063e0_0 .net/s "a_in", 7 0, v0x56bca8705640_0;  alias, 1 drivers
v0x56bca87064c0_0 .var/s "a_out", 7 0;
v0x56bca8706580_0 .net/s "b_in", 7 0, v0x56bca8702d20_0;  alias, 1 drivers
v0x56bca8706680_0 .var/s "b_out", 7 0;
v0x56bca8706740_0 .var/s "c", 31 0;
v0x56bca8706870_0 .net "clear", 0 0, v0x56bca870e700_0;  alias, 1 drivers
v0x56bca8706910_0 .net "clk", 0 0, v0x56bca870e7a0_0;  alias, 1 drivers
v0x56bca87069b0_0 .net "rst", 0 0, v0x56bca870ed80_0;  alias, 1 drivers
S_0x56bca8706ba0 .scope generate, "COL[2]" "COL[2]" 4 35, 4 35 0, S_0x56bca8704cf0;
 .timescale -9 -12;
P_0x56bca8706d50 .param/l "j" 0 4 35, +C4<010>;
S_0x56bca8706e10 .scope module, "PE" "pe" 4 36, 5 1 0, S_0x56bca8706ba0;
 .timescale 0 0;
    .port_info 0 /INPUT 1 "clk";
    .port_info 1 /INPUT 1 "rst";
    .port_info 2 /INPUT 1 "clear";
    .port_info 3 /INPUT 8 "a_in";
    .port_info 4 /INPUT 8 "b_in";
    .port_info 5 /OUTPUT 8 "a_out";
    .port_info 6 /OUTPUT 8 "b_out";
    .port_info 7 /OUTPUT 32 "c";
v0x56bca8707110_0 .net/s "a_in", 7 0, v0x56bca87064c0_0;  alias, 1 drivers
v0x56bca8707220_0 .var/s "a_out", 7 0;
v0x56bca87072e0_0 .net/s "b_in", 7 0, v0x56bca8703a80_0;  alias, 1 drivers
v0x56bca87073e0_0 .var/s "b_out", 7 0;
v0x56bca87074a0_0 .var/s "c", 31 0;
v0x56bca87075d0_0 .net "clear", 0 0, v0x56bca870e700_0;  alias, 1 drivers
v0x56bca8707670_0 .net "clk", 0 0, v0x56bca870e7a0_0;  alias, 1 drivers
v0x56bca8707710_0 .net "rst", 0 0, v0x56bca870ed80_0;  alias, 1 drivers
S_0x56bca8707900 .scope generate, "COL[3]" "COL[3]" 4 35, 4 35 0, S_0x56bca8704cf0;
 .timescale -9 -12;
P_0x56bca8707ab0 .param/l "j" 0 4 35, +C4<011>;
S_0x56bca8707b90 .scope module, "PE" "pe" 4 36, 5 1 0, S_0x56bca8707900;
 .timescale 0 0;
    .port_info 0 /INPUT 1 "clk";
    .port_info 1 /INPUT 1 "rst";
    .port_info 2 /INPUT 1 "clear";
    .port_info 3 /INPUT 8 "a_in";
    .port_info 4 /INPUT 8 "b_in";
    .port_info 5 /OUTPUT 8 "a_out";
    .port_info 6 /OUTPUT 8 "b_out";
    .port_info 7 /OUTPUT 32 "c";
v0x56bca8707e90_0 .net/s "a_in", 7 0, v0x56bca8707220_0;  alias, 1 drivers
v0x56bca8707f70_0 .var/s "a_out", 7 0;
v0x56bca8708030_0 .net/s "b_in", 7 0, v0x56bca87047d0_0;  alias, 1 drivers
v0x56bca8708130_0 .var/s "b_out", 7 0;
v0x56bca87081f0_0 .var/s "c", 31 0;
v0x56bca8708320_0 .net "clear", 0 0, v0x56bca870e700_0;  alias, 1 drivers
v0x56bca87083c0_0 .net "clk", 0 0, v0x56bca870e7a0_0;  alias, 1 drivers
v0x56bca8708460_0 .net "rst", 0 0, v0x56bca870ed80_0;  alias, 1 drivers
S_0x56bca8708650 .scope generate, "ROW[3]" "ROW[3]" 4 34, 4 34 0, S_0x56bca86acc80;
 .timescale -9 -12;
P_0x56bca8708800 .param/l "i" 0 4 34, +C4<011>;
S_0x56bca87088e0 .scope generate, "COL[0]" "COL[0]" 4 35, 4 35 0, S_0x56bca8708650;
 .timescale -9 -12;
P_0x56bca8708ae0 .param/l "j" 0 4 35, +C4<00>;
S_0x56bca8708bc0 .scope module, "PE" "pe" 4 36, 5 1 0, S_0x56bca87088e0;
 .timescale 0 0;
    .port_info 0 /INPUT 1 "clk";
    .port_info 1 /INPUT 1 "rst";
    .port_info 2 /INPUT 1 "clear";
    .port_info 3 /INPUT 8 "a_in";
    .port_info 4 /INPUT 8 "b_in";
    .port_info 5 /OUTPUT 8 "a_out";
    .port_info 6 /OUTPUT 8 "b_out";
    .port_info 7 /OUTPUT 32 "c";
v0x56bca8708ec0_0 .net/s "a_in", 7 0, L_0x56bca86b10e0;  alias, 1 drivers
v0x56bca8708fc0_0 .var/s "a_out", 7 0;
v0x56bca87090a0_0 .net/s "b_in", 7 0, v0x56bca8705820_0;  alias, 1 drivers
v0x56bca8709170_0 .var/s "b_out", 7 0;
v0x56bca8709230_0 .var/s "c", 31 0;
v0x56bca8709360_0 .net "clear", 0 0, v0x56bca870e700_0;  alias, 1 drivers
v0x56bca8709400_0 .net "clk", 0 0, v0x56bca870e7a0_0;  alias, 1 drivers
v0x56bca87094a0_0 .net "rst", 0 0, v0x56bca870ed80_0;  alias, 1 drivers
S_0x56bca8709690 .scope generate, "COL[1]" "COL[1]" 4 35, 4 35 0, S_0x56bca8708650;
 .timescale -9 -12;
P_0x56bca8709860 .param/l "j" 0 4 35, +C4<01>;
S_0x56bca8709920 .scope module, "PE" "pe" 4 36, 5 1 0, S_0x56bca8709690;
 .timescale 0 0;
    .port_info 0 /INPUT 1 "clk";
    .port_info 1 /INPUT 1 "rst";
    .port_info 2 /INPUT 1 "clear";
    .port_info 3 /INPUT 8 "a_in";
    .port_info 4 /INPUT 8 "b_in";
    .port_info 5 /OUTPUT 8 "a_out";
    .port_info 6 /OUTPUT 8 "b_out";
    .port_info 7 /OUTPUT 32 "c";
v0x56bca8709c20_0 .net/s "a_in", 7 0, v0x56bca8708fc0_0;  alias, 1 drivers
v0x56bca8709d00_0 .var/s "a_out", 7 0;
v0x56bca8709dc0_0 .net/s "b_in", 7 0, v0x56bca8706680_0;  alias, 1 drivers
v0x56bca8709ec0_0 .var/s "b_out", 7 0;
v0x56bca8709f80_0 .var/s "c", 31 0;
v0x56bca870a0b0_0 .net "clear", 0 0, v0x56bca870e700_0;  alias, 1 drivers
v0x56bca870a150_0 .net "clk", 0 0, v0x56bca870e7a0_0;  alias, 1 drivers
v0x56bca870a1f0_0 .net "rst", 0 0, v0x56bca870ed80_0;  alias, 1 drivers
S_0x56bca870a3e0 .scope generate, "COL[2]" "COL[2]" 4 35, 4 35 0, S_0x56bca8708650;
 .timescale -9 -12;
P_0x56bca870a590 .param/l "j" 0 4 35, +C4<010>;
S_0x56bca870a650 .scope module, "PE" "pe" 4 36, 5 1 0, S_0x56bca870a3e0;
 .timescale 0 0;
    .port_info 0 /INPUT 1 "clk";
    .port_info 1 /INPUT 1 "rst";
    .port_info 2 /INPUT 1 "clear";
    .port_info 3 /INPUT 8 "a_in";
    .port_info 4 /INPUT 8 "b_in";
    .port_info 5 /OUTPUT 8 "a_out";
    .port_info 6 /OUTPUT 8 "b_out";
    .port_info 7 /OUTPUT 32 "c";
v0x56bca870a950_0 .net/s "a_in", 7 0, v0x56bca8709d00_0;  alias, 1 drivers
v0x56bca870aa60_0 .var/s "a_out", 7 0;
v0x56bca870ab20_0 .net/s "b_in", 7 0, v0x56bca87073e0_0;  alias, 1 drivers
v0x56bca870ac20_0 .var/s "b_out", 7 0;
v0x56bca870ace0_0 .var/s "c", 31 0;
v0x56bca870ae10_0 .net "clear", 0 0, v0x56bca870e700_0;  alias, 1 drivers
v0x56bca870aeb0_0 .net "clk", 0 0, v0x56bca870e7a0_0;  alias, 1 drivers
v0x56bca870af50_0 .net "rst", 0 0, v0x56bca870ed80_0;  alias, 1 drivers
S_0x56bca870b140 .scope generate, "COL[3]" "COL[3]" 4 35, 4 35 0, S_0x56bca8708650;
 .timescale -9 -12;
P_0x56bca870b2f0 .param/l "j" 0 4 35, +C4<011>;
S_0x56bca870b3d0 .scope module, "PE" "pe" 4 36, 5 1 0, S_0x56bca870b140;
 .timescale 0 0;
    .port_info 0 /INPUT 1 "clk";
    .port_info 1 /INPUT 1 "rst";
    .port_info 2 /INPUT 1 "clear";
    .port_info 3 /INPUT 8 "a_in";
    .port_info 4 /INPUT 8 "b_in";
    .port_info 5 /OUTPUT 8 "a_out";
    .port_info 6 /OUTPUT 8 "b_out";
    .port_info 7 /OUTPUT 32 "c";
v0x56bca870b6d0_0 .net/s "a_in", 7 0, v0x56bca870aa60_0;  alias, 1 drivers
v0x56bca870b7b0_0 .var/s "a_out", 7 0;
v0x56bca870b870_0 .net/s "b_in", 7 0, v0x56bca8708130_0;  alias, 1 drivers
v0x56bca870b970_0 .var/s "b_out", 7 0;
v0x56bca870ba30_0 .var/s "c", 31 0;
v0x56bca870bb60_0 .net "clear", 0 0, v0x56bca870e700_0;  alias, 1 drivers
v0x56bca870bc00_0 .net "clk", 0 0, v0x56bca870e7a0_0;  alias, 1 drivers
v0x56bca870bca0_0 .net "rst", 0 0, v0x56bca870ed80_0;  alias, 1 drivers
S_0x56bca870be90 .scope generate, "genblk1[0]" "genblk1[0]" 4 26, 4 26 0, S_0x56bca86acc80;
 .timescale -9 -12;
P_0x56bca870c090 .param/l "i" 0 4 26, +C4<00>;
L_0x56bca86be580 .functor BUFZ 8, v0x56bca870e060_0, C4<00000000>, C4<00000000>, C4<00000000>;
L_0x56bca86bc210 .functor BUFZ 8, v0x56bca870e220_0, C4<00000000>, C4<00000000>, C4<00000000>;
S_0x56bca870c170 .scope generate, "genblk1[1]" "genblk1[1]" 4 26, 4 26 0, S_0x56bca86acc80;
 .timescale -9 -12;
P_0x56bca870c350 .param/l "i" 0 4 26, +C4<01>;
L_0x56bca86b9ea0 .functor BUFZ 8, v0x56bca870e060_1, C4<00000000>, C4<00000000>, C4<00000000>;
L_0x56bca86b7b30 .functor BUFZ 8, v0x56bca870e220_1, C4<00000000>, C4<00000000>, C4<00000000>;
S_0x56bca870c430 .scope generate, "genblk1[2]" "genblk1[2]" 4 26, 4 26 0, S_0x56bca86acc80;
 .timescale -9 -12;
P_0x56bca870c610 .param/l "i" 0 4 26, +C4<010>;
L_0x56bca86b57c0 .functor BUFZ 8, v0x56bca870e060_2, C4<00000000>, C4<00000000>, C4<00000000>;
L_0x56bca86b3450 .functor BUFZ 8, v0x56bca870e220_2, C4<00000000>, C4<00000000>, C4<00000000>;
S_0x56bca870c6f0 .scope generate, "genblk1[3]" "genblk1[3]" 4 26, 4 26 0, S_0x56bca86acc80;
 .timescale -9 -12;
P_0x56bca870c8d0 .param/l "i" 0 4 26, +C4<011>;
L_0x56bca86b10e0 .functor BUFZ 8, v0x56bca870e060_3, C4<00000000>, C4<00000000>, C4<00000000>;
L_0x56bca870f160 .functor BUFZ 8, v0x56bca870e220_3, C4<00000000>, C4<00000000>, C4<00000000>;
    .scope S_0x56bca86cc180;
T_0 ;
    %wait E_0x56bca863a400;
    %load/vec4 v0x56bca86fef70_0;
    %flag_set/vec4 8;
    %jmp/0xz  T_0.0, 8;
    %pushi/vec4 0, 0, 8;
    %assign/vec4 v0x56bca86b3570_0, 0;
    %pushi/vec4 0, 0, 8;
    %assign/vec4 v0x56bca86b1200_0, 0;
    %pushi/vec4 0, 0, 32;
    %assign/vec4 v0x56bca86b12d0_0, 0;
    %jmp T_0.1;
T_0.0 ;
    %load/vec4 v0x56bca86e7800_0;
    %flag_set/vec4 8;
    %jmp/0xz  T_0.2, 8;
    %pushi/vec4 0, 0, 32;
    %assign/vec4 v0x56bca86b12d0_0, 0;
    %load/vec4 v0x56bca86b59b0_0;
    %assign/vec4 v0x56bca86b3570_0, 0;
    %load/vec4 v0x56bca86b3640_0;
    %assign/vec4 v0x56bca86b1200_0, 0;
    %jmp T_0.3;
T_0.2 ;
    %load/vec4 v0x56bca86b12d0_0;
    %load/vec4 v0x56bca86b59b0_0;
    %pad/s 32;
    %load/vec4 v0x56bca86b3640_0;
    %pad/s 32;
    %mul;
    %add;
    %assign/vec4 v0x56bca86b12d0_0, 0;
    %load/vec4 v0x56bca86b59b0_0;
    %assign/vec4 v0x56bca86b3570_0, 0;
    %load/vec4 v0x56bca86b3640_0;
    %assign/vec4 v0x56bca86b1200_0, 0;
T_0.3 ;
T_0.1 ;
    %jmp T_0;
    .thread T_0;
    .scope S_0x56bca86ff410;
T_1 ;
    %wait E_0x56bca863a400;
    %load/vec4 v0x56bca86ffbf0_0;
    %flag_set/vec4 8;
    %jmp/0xz  T_1.0, 8;
    %pushi/vec4 0, 0, 8;
    %assign/vec4 v0x56bca86ff720_0, 0;
    %pushi/vec4 0, 0, 8;
    %assign/vec4 v0x56bca86ff8a0_0, 0;
    %pushi/vec4 0, 0, 32;
    %assign/vec4 v0x56bca86ff980_0, 0;
    %jmp T_1.1;
T_1.0 ;
    %load/vec4 v0x56bca86ffab0_0;
    %flag_set/vec4 8;
    %jmp/0xz  T_1.2, 8;
    %pushi/vec4 0, 0, 32;
    %assign/vec4 v0x56bca86ff980_0, 0;
    %load/vec4 v0x56bca86ff640_0;
    %assign/vec4 v0x56bca86ff720_0, 0;
    %load/vec4 v0x56bca86ff7e0_0;
    %assign/vec4 v0x56bca86ff8a0_0, 0;
    %jmp T_1.3;
T_1.2 ;
    %load/vec4 v0x56bca86ff980_0;
    %load/vec4 v0x56bca86ff640_0;
    %pad/s 32;
    %load/vec4 v0x56bca86ff7e0_0;
    %pad/s 32;
    %mul;
    %add;
    %assign/vec4 v0x56bca86ff980_0, 0;
    %load/vec4 v0x56bca86ff640_0;
    %assign/vec4 v0x56bca86ff720_0, 0;
    %load/vec4 v0x56bca86ff7e0_0;
    %assign/vec4 v0x56bca86ff8a0_0, 0;
T_1.3 ;
T_1.1 ;
    %jmp T_1;
    .thread T_1;
    .scope S_0x56bca86ffff0;
T_2 ;
    %wait E_0x56bca863a400;
    %load/vec4 v0x56bca8700870_0;
    %flag_set/vec4 8;
    %jmp/0xz  T_2.0, 8;
    %pushi/vec4 0, 0, 8;
    %assign/vec4 v0x56bca8700300_0, 0;
    %pushi/vec4 0, 0, 8;
    %assign/vec4 v0x56bca8700480_0, 0;
    %pushi/vec4 0, 0, 32;
    %assign/vec4 v0x56bca8700560_0, 0;
    %jmp T_2.1;
T_2.0 ;
    %load/vec4 v0x56bca8700690_0;
    %flag_set/vec4 8;
    %jmp/0xz  T_2.2, 8;
    %pushi/vec4 0, 0, 32;
    %assign/vec4 v0x56bca8700560_0, 0;
    %load/vec4 v0x56bca8700220_0;
    %assign/vec4 v0x56bca8700300_0, 0;
    %load/vec4 v0x56bca87003c0_0;
    %assign/vec4 v0x56bca8700480_0, 0;
    %jmp T_2.3;
T_2.2 ;
    %load/vec4 v0x56bca8700560_0;
    %load/vec4 v0x56bca8700220_0;
    %pad/s 32;
    %load/vec4 v0x56bca87003c0_0;
    %pad/s 32;
    %mul;
    %add;
    %assign/vec4 v0x56bca8700560_0, 0;
    %load/vec4 v0x56bca8700220_0;
    %assign/vec4 v0x56bca8700300_0, 0;
    %load/vec4 v0x56bca87003c0_0;
    %assign/vec4 v0x56bca8700480_0, 0;
T_2.3 ;
T_2.1 ;
    %jmp T_2;
    .thread T_2;
    .scope S_0x56bca8700d40;
T_3 ;
    %wait E_0x56bca863a400;
    %load/vec4 v0x56bca8701520_0;
    %flag_set/vec4 8;
    %jmp/0xz  T_3.0, 8;
    %pushi/vec4 0, 0, 8;
    %assign/vec4 v0x56bca8701050_0, 0;
    %pushi/vec4 0, 0, 8;
    %assign/vec4 v0x56bca87011d0_0, 0;
    %pushi/vec4 0, 0, 32;
    %assign/vec4 v0x56bca87012b0_0, 0;
    %jmp T_3.1;
T_3.0 ;
    %load/vec4 v0x56bca87013e0_0;
    %flag_set/vec4 8;
    %jmp/0xz  T_3.2, 8;
    %pushi/vec4 0, 0, 32;
    %assign/vec4 v0x56bca87012b0_0, 0;
    %load/vec4 v0x56bca8700f70_0;
    %assign/vec4 v0x56bca8701050_0, 0;
    %load/vec4 v0x56bca8701110_0;
    %assign/vec4 v0x56bca87011d0_0, 0;
    %jmp T_3.3;
T_3.2 ;
    %load/vec4 v0x56bca87012b0_0;
    %load/vec4 v0x56bca8700f70_0;
    %pad/s 32;
    %load/vec4 v0x56bca8701110_0;
    %pad/s 32;
    %mul;
    %add;
    %assign/vec4 v0x56bca87012b0_0, 0;
    %load/vec4 v0x56bca8700f70_0;
    %assign/vec4 v0x56bca8701050_0, 0;
    %load/vec4 v0x56bca8701110_0;
    %assign/vec4 v0x56bca87011d0_0, 0;
T_3.3 ;
T_3.1 ;
    %jmp T_3;
    .thread T_3;
    .scope S_0x56bca8701c80;
T_4 ;
    %wait E_0x56bca863a400;
    %load/vec4 v0x56bca8702460_0;
    %flag_set/vec4 8;
    %jmp/0xz  T_4.0, 8;
    %pushi/vec4 0, 0, 8;
    %assign/vec4 v0x56bca8701fb0_0, 0;
    %pushi/vec4 0, 0, 8;
    %assign/vec4 v0x56bca8702130_0, 0;
    %pushi/vec4 0, 0, 32;
    %assign/vec4 v0x56bca87021f0_0, 0;
    %jmp T_4.1;
T_4.0 ;
    %load/vec4 v0x56bca8702320_0;
    %flag_set/vec4 8;
    %jmp/0xz  T_4.2, 8;
    %pushi/vec4 0, 0, 32;
    %assign/vec4 v0x56bca87021f0_0, 0;
    %load/vec4 v0x56bca8701eb0_0;
    %assign/vec4 v0x56bca8701fb0_0, 0;
    %load/vec4 v0x56bca8702090_0;
    %assign/vec4 v0x56bca8702130_0, 0;
    %jmp T_4.3;
T_4.2 ;
    %load/vec4 v0x56bca87021f0_0;
    %load/vec4 v0x56bca8701eb0_0;
    %pad/s 32;
    %load/vec4 v0x56bca8702090_0;
    %pad/s 32;
    %mul;
    %add;
    %assign/vec4 v0x56bca87021f0_0, 0;
    %load/vec4 v0x56bca8701eb0_0;
    %assign/vec4 v0x56bca8701fb0_0, 0;
    %load/vec4 v0x56bca8702090_0;
    %assign/vec4 v0x56bca8702130_0, 0;
T_4.3 ;
T_4.1 ;
    %jmp T_4;
    .thread T_4;
    .scope S_0x56bca87028d0;
T_5 ;
    %wait E_0x56bca863a400;
    %load/vec4 v0x56bca8703050_0;
    %flag_set/vec4 8;
    %jmp/0xz  T_5.0, 8;
    %pushi/vec4 0, 0, 8;
    %assign/vec4 v0x56bca8702b90_0, 0;
    %pushi/vec4 0, 0, 8;
    %assign/vec4 v0x56bca8702d20_0, 0;
    %pushi/vec4 0, 0, 32;
    %assign/vec4 v0x56bca8702de0_0, 0;
    %jmp T_5.1;
T_5.0 ;
    %load/vec4 v0x56bca8702f10_0;
    %flag_set/vec4 8;
    %jmp/0xz  T_5.2, 8;
    %pushi/vec4 0, 0, 32;
    %assign/vec4 v0x56bca8702de0_0, 0;
    %load/vec4 v0x56bca8702ab0_0;
    %assign/vec4 v0x56bca8702b90_0, 0;
    %load/vec4 v0x56bca8702c50_0;
    %assign/vec4 v0x56bca8702d20_0, 0;
    %jmp T_5.3;
T_5.2 ;
    %load/vec4 v0x56bca8702de0_0;
    %load/vec4 v0x56bca8702ab0_0;
    %pad/s 32;
    %load/vec4 v0x56bca8702c50_0;
    %pad/s 32;
    %mul;
    %add;
    %assign/vec4 v0x56bca8702de0_0, 0;
    %load/vec4 v0x56bca8702ab0_0;
    %assign/vec4 v0x56bca8702b90_0, 0;
    %load/vec4 v0x56bca8702c50_0;
    %assign/vec4 v0x56bca8702d20_0, 0;
T_5.3 ;
T_5.1 ;
    %jmp T_5;
    .thread T_5;
    .scope S_0x56bca87034b0;
T_6 ;
    %wait E_0x56bca863a400;
    %load/vec4 v0x56bca8703db0_0;
    %flag_set/vec4 8;
    %jmp/0xz  T_6.0, 8;
    %pushi/vec4 0, 0, 8;
    %assign/vec4 v0x56bca87038c0_0, 0;
    %pushi/vec4 0, 0, 8;
    %assign/vec4 v0x56bca8703a80_0, 0;
    %pushi/vec4 0, 0, 32;
    %assign/vec4 v0x56bca8703b40_0, 0;
    %jmp T_6.1;
T_6.0 ;
    %load/vec4 v0x56bca8703c70_0;
    %flag_set/vec4 8;
    %jmp/0xz  T_6.2, 8;
    %pushi/vec4 0, 0, 32;
    %assign/vec4 v0x56bca8703b40_0, 0;
    %load/vec4 v0x56bca87037b0_0;
    %assign/vec4 v0x56bca87038c0_0, 0;
    %load/vec4 v0x56bca8703980_0;
    %assign/vec4 v0x56bca8703a80_0, 0;
    %jmp T_6.3;
T_6.2 ;
    %load/vec4 v0x56bca8703b40_0;
    %load/vec4 v0x56bca87037b0_0;
    %pad/s 32;
    %load/vec4 v0x56bca8703980_0;
    %pad/s 32;
    %mul;
    %add;
    %assign/vec4 v0x56bca8703b40_0, 0;
    %load/vec4 v0x56bca87037b0_0;
    %assign/vec4 v0x56bca87038c0_0, 0;
    %load/vec4 v0x56bca8703980_0;
    %assign/vec4 v0x56bca8703a80_0, 0;
T_6.3 ;
T_6.1 ;
    %jmp T_6;
    .thread T_6;
    .scope S_0x56bca8704230;
T_7 ;
    %wait E_0x56bca863a400;
    %load/vec4 v0x56bca8704b00_0;
    %flag_set/vec4 8;
    %jmp/0xz  T_7.0, 8;
    %pushi/vec4 0, 0, 8;
    %assign/vec4 v0x56bca8704610_0, 0;
    %pushi/vec4 0, 0, 8;
    %assign/vec4 v0x56bca87047d0_0, 0;
    %pushi/vec4 0, 0, 32;
    %assign/vec4 v0x56bca8704890_0, 0;
    %jmp T_7.1;
T_7.0 ;
    %load/vec4 v0x56bca87049c0_0;
    %flag_set/vec4 8;
    %jmp/0xz  T_7.2, 8;
    %pushi/vec4 0, 0, 32;
    %assign/vec4 v0x56bca8704890_0, 0;
    %load/vec4 v0x56bca8704530_0;
    %assign/vec4 v0x56bca8704610_0, 0;
    %load/vec4 v0x56bca87046d0_0;
    %assign/vec4 v0x56bca87047d0_0, 0;
    %jmp T_7.3;
T_7.2 ;
    %load/vec4 v0x56bca8704890_0;
    %load/vec4 v0x56bca8704530_0;
    %pad/s 32;
    %load/vec4 v0x56bca87046d0_0;
    %pad/s 32;
    %mul;
    %add;
    %assign/vec4 v0x56bca8704890_0, 0;
    %load/vec4 v0x56bca8704530_0;
    %assign/vec4 v0x56bca8704610_0, 0;
    %load/vec4 v0x56bca87046d0_0;
    %assign/vec4 v0x56bca87047d0_0, 0;
T_7.3 ;
T_7.1 ;
    %jmp T_7;
    .thread T_7;
    .scope S_0x56bca8705240;
T_8 ;
    %wait E_0x56bca863a400;
    %load/vec4 v0x56bca8705b50_0;
    %flag_set/vec4 8;
    %jmp/0xz  T_8.0, 8;
    %pushi/vec4 0, 0, 8;
    %assign/vec4 v0x56bca8705640_0, 0;
    %pushi/vec4 0, 0, 8;
    %assign/vec4 v0x56bca8705820_0, 0;
    %pushi/vec4 0, 0, 32;
    %assign/vec4 v0x56bca87058e0_0, 0;
    %jmp T_8.1;
T_8.0 ;
    %load/vec4 v0x56bca8705a10_0;
    %flag_set/vec4 8;
    %jmp/0xz  T_8.2, 8;
    %pushi/vec4 0, 0, 32;
    %assign/vec4 v0x56bca87058e0_0, 0;
    %load/vec4 v0x56bca8705540_0;
    %assign/vec4 v0x56bca8705640_0, 0;
    %load/vec4 v0x56bca8705720_0;
    %assign/vec4 v0x56bca8705820_0, 0;
    %jmp T_8.3;
T_8.2 ;
    %load/vec4 v0x56bca87058e0_0;
    %load/vec4 v0x56bca8705540_0;
    %pad/s 32;
    %load/vec4 v0x56bca8705720_0;
    %pad/s 32;
    %mul;
    %add;
    %assign/vec4 v0x56bca87058e0_0, 0;
    %load/vec4 v0x56bca8705540_0;
    %assign/vec4 v0x56bca8705640_0, 0;
    %load/vec4 v0x56bca8705720_0;
    %assign/vec4 v0x56bca8705820_0, 0;
T_8.3 ;
T_8.1 ;
    %jmp T_8;
    .thread T_8;
    .scope S_0x56bca87060e0;
T_9 ;
    %wait E_0x56bca863a400;
    %load/vec4 v0x56bca87069b0_0;
    %flag_set/vec4 8;
    %jmp/0xz  T_9.0, 8;
    %pushi/vec4 0, 0, 8;
    %assign/vec4 v0x56bca87064c0_0, 0;
    %pushi/vec4 0, 0, 8;
    %assign/vec4 v0x56bca8706680_0, 0;
    %pushi/vec4 0, 0, 32;
    %assign/vec4 v0x56bca8706740_0, 0;
    %jmp T_9.1;
T_9.0 ;
    %load/vec4 v0x56bca8706870_0;
    %flag_set/vec4 8;
    %jmp/0xz  T_9.2, 8;
    %pushi/vec4 0, 0, 32;
    %assign/vec4 v0x56bca8706740_0, 0;
    %load/vec4 v0x56bca87063e0_0;
    %assign/vec4 v0x56bca87064c0_0, 0;
    %load/vec4 v0x56bca8706580_0;
    %assign/vec4 v0x56bca8706680_0, 0;
    %jmp T_9.3;
T_9.2 ;
    %load/vec4 v0x56bca8706740_0;
    %load/vec4 v0x56bca87063e0_0;
    %pad/s 32;
    %load/vec4 v0x56bca8706580_0;
    %pad/s 32;
    %mul;
    %add;
    %assign/vec4 v0x56bca8706740_0, 0;
    %load/vec4 v0x56bca87063e0_0;
    %assign/vec4 v0x56bca87064c0_0, 0;
    %load/vec4 v0x56bca8706580_0;
    %assign/vec4 v0x56bca8706680_0, 0;
T_9.3 ;
T_9.1 ;
    %jmp T_9;
    .thread T_9;
    .scope S_0x56bca8706e10;
T_10 ;
    %wait E_0x56bca863a400;
    %load/vec4 v0x56bca8707710_0;
    %flag_set/vec4 8;
    %jmp/0xz  T_10.0, 8;
    %pushi/vec4 0, 0, 8;
    %assign/vec4 v0x56bca8707220_0, 0;
    %pushi/vec4 0, 0, 8;
    %assign/vec4 v0x56bca87073e0_0, 0;
    %pushi/vec4 0, 0, 32;
    %assign/vec4 v0x56bca87074a0_0, 0;
    %jmp T_10.1;
T_10.0 ;
    %load/vec4 v0x56bca87075d0_0;
    %flag_set/vec4 8;
    %jmp/0xz  T_10.2, 8;
    %pushi/vec4 0, 0, 32;
    %assign/vec4 v0x56bca87074a0_0, 0;
    %load/vec4 v0x56bca8707110_0;
    %assign/vec4 v0x56bca8707220_0, 0;
    %load/vec4 v0x56bca87072e0_0;
    %assign/vec4 v0x56bca87073e0_0, 0;
    %jmp T_10.3;
T_10.2 ;
    %load/vec4 v0x56bca87074a0_0;
    %load/vec4 v0x56bca8707110_0;
    %pad/s 32;
    %load/vec4 v0x56bca87072e0_0;
    %pad/s 32;
    %mul;
    %add;
    %assign/vec4 v0x56bca87074a0_0, 0;
    %load/vec4 v0x56bca8707110_0;
    %assign/vec4 v0x56bca8707220_0, 0;
    %load/vec4 v0x56bca87072e0_0;
    %assign/vec4 v0x56bca87073e0_0, 0;
T_10.3 ;
T_10.1 ;
    %jmp T_10;
    .thread T_10;
    .scope S_0x56bca8707b90;
T_11 ;
    %wait E_0x56bca863a400;
    %load/vec4 v0x56bca8708460_0;
    %flag_set/vec4 8;
    %jmp/0xz  T_11.0, 8;
    %pushi/vec4 0, 0, 8;
    %assign/vec4 v0x56bca8707f70_0, 0;
    %pushi/vec4 0, 0, 8;
    %assign/vec4 v0x56bca8708130_0, 0;
    %pushi/vec4 0, 0, 32;
    %assign/vec4 v0x56bca87081f0_0, 0;
    %jmp T_11.1;
T_11.0 ;
    %load/vec4 v0x56bca8708320_0;
    %flag_set/vec4 8;
    %jmp/0xz  T_11.2, 8;
    %pushi/vec4 0, 0, 32;
    %assign/vec4 v0x56bca87081f0_0, 0;
    %load/vec4 v0x56bca8707e90_0;
    %assign/vec4 v0x56bca8707f70_0, 0;
    %load/vec4 v0x56bca8708030_0;
    %assign/vec4 v0x56bca8708130_0, 0;
    %jmp T_11.3;
T_11.2 ;
    %load/vec4 v0x56bca87081f0_0;
    %load/vec4 v0x56bca8707e90_0;
    %pad/s 32;
    %load/vec4 v0x56bca8708030_0;
    %pad/s 32;
    %mul;
    %add;
    %assign/vec4 v0x56bca87081f0_0, 0;
    %load/vec4 v0x56bca8707e90_0;
    %assign/vec4 v0x56bca8707f70_0, 0;
    %load/vec4 v0x56bca8708030_0;
    %assign/vec4 v0x56bca8708130_0, 0;
T_11.3 ;
T_11.1 ;
    %jmp T_11;
    .thread T_11;
    .scope S_0x56bca8708bc0;
T_12 ;
    %wait E_0x56bca863a400;
    %load/vec4 v0x56bca87094a0_0;
    %flag_set/vec4 8;
    %jmp/0xz  T_12.0, 8;
    %pushi/vec4 0, 0, 8;
    %assign/vec4 v0x56bca8708fc0_0, 0;
    %pushi/vec4 0, 0, 8;
    %assign/vec4 v0x56bca8709170_0, 0;
    %pushi/vec4 0, 0, 32;
    %assign/vec4 v0x56bca8709230_0, 0;
    %jmp T_12.1;
T_12.0 ;
    %load/vec4 v0x56bca8709360_0;
    %flag_set/vec4 8;
    %jmp/0xz  T_12.2, 8;
    %pushi/vec4 0, 0, 32;
    %assign/vec4 v0x56bca8709230_0, 0;
    %load/vec4 v0x56bca8708ec0_0;
    %assign/vec4 v0x56bca8708fc0_0, 0;
    %load/vec4 v0x56bca87090a0_0;
    %assign/vec4 v0x56bca8709170_0, 0;
    %jmp T_12.3;
T_12.2 ;
    %load/vec4 v0x56bca8709230_0;
    %load/vec4 v0x56bca8708ec0_0;
    %pad/s 32;
    %load/vec4 v0x56bca87090a0_0;
    %pad/s 32;
    %mul;
    %add;
    %assign/vec4 v0x56bca8709230_0, 0;
    %load/vec4 v0x56bca8708ec0_0;
    %assign/vec4 v0x56bca8708fc0_0, 0;
    %load/vec4 v0x56bca87090a0_0;
    %assign/vec4 v0x56bca8709170_0, 0;
T_12.3 ;
T_12.1 ;
    %jmp T_12;
    .thread T_12;
    .scope S_0x56bca8709920;
T_13 ;
    %wait E_0x56bca863a400;
    %load/vec4 v0x56bca870a1f0_0;
    %flag_set/vec4 8;
    %jmp/0xz  T_13.0, 8;
    %pushi/vec4 0, 0, 8;
    %assign/vec4 v0x56bca8709d00_0, 0;
    %pushi/vec4 0, 0, 8;
    %assign/vec4 v0x56bca8709ec0_0, 0;
    %pushi/vec4 0, 0, 32;
    %assign/vec4 v0x56bca8709f80_0, 0;
    %jmp T_13.1;
T_13.0 ;
    %load/vec4 v0x56bca870a0b0_0;
    %flag_set/vec4 8;
    %jmp/0xz  T_13.2, 8;
    %pushi/vec4 0, 0, 32;
    %assign/vec4 v0x56bca8709f80_0, 0;
    %load/vec4 v0x56bca8709c20_0;
    %assign/vec4 v0x56bca8709d00_0, 0;
    %load/vec4 v0x56bca8709dc0_0;
    %assign/vec4 v0x56bca8709ec0_0, 0;
    %jmp T_13.3;
T_13.2 ;
    %load/vec4 v0x56bca8709f80_0;
    %load/vec4 v0x56bca8709c20_0;
    %pad/s 32;
    %load/vec4 v0x56bca8709dc0_0;
    %pad/s 32;
    %mul;
    %add;
    %assign/vec4 v0x56bca8709f80_0, 0;
    %load/vec4 v0x56bca8709c20_0;
    %assign/vec4 v0x56bca8709d00_0, 0;
    %load/vec4 v0x56bca8709dc0_0;
    %assign/vec4 v0x56bca8709ec0_0, 0;
T_13.3 ;
T_13.1 ;
    %jmp T_13;
    .thread T_13;
    .scope S_0x56bca870a650;
T_14 ;
    %wait E_0x56bca863a400;
    %load/vec4 v0x56bca870af50_0;
    %flag_set/vec4 8;
    %jmp/0xz  T_14.0, 8;
    %pushi/vec4 0, 0, 8;
    %assign/vec4 v0x56bca870aa60_0, 0;
    %pushi/vec4 0, 0, 8;
    %assign/vec4 v0x56bca870ac20_0, 0;
    %pushi/vec4 0, 0, 32;
    %assign/vec4 v0x56bca870ace0_0, 0;
    %jmp T_14.1;
T_14.0 ;
    %load/vec4 v0x56bca870ae10_0;
    %flag_set/vec4 8;
    %jmp/0xz  T_14.2, 8;
    %pushi/vec4 0, 0, 32;
    %assign/vec4 v0x56bca870ace0_0, 0;
    %load/vec4 v0x56bca870a950_0;
    %assign/vec4 v0x56bca870aa60_0, 0;
    %load/vec4 v0x56bca870ab20_0;
    %assign/vec4 v0x56bca870ac20_0, 0;
    %jmp T_14.3;
T_14.2 ;
    %load/vec4 v0x56bca870ace0_0;
    %load/vec4 v0x56bca870a950_0;
    %pad/s 32;
    %load/vec4 v0x56bca870ab20_0;
    %pad/s 32;
    %mul;
    %add;
    %assign/vec4 v0x56bca870ace0_0, 0;
    %load/vec4 v0x56bca870a950_0;
    %assign/vec4 v0x56bca870aa60_0, 0;
    %load/vec4 v0x56bca870ab20_0;
    %assign/vec4 v0x56bca870ac20_0, 0;
T_14.3 ;
T_14.1 ;
    %jmp T_14;
    .thread T_14;
    .scope S_0x56bca870b3d0;
T_15 ;
    %wait E_0x56bca863a400;
    %load/vec4 v0x56bca870bca0_0;
    %flag_set/vec4 8;
    %jmp/0xz  T_15.0, 8;
    %pushi/vec4 0, 0, 8;
    %assign/vec4 v0x56bca870b7b0_0, 0;
    %pushi/vec4 0, 0, 8;
    %assign/vec4 v0x56bca870b970_0, 0;
    %pushi/vec4 0, 0, 32;
    %assign/vec4 v0x56bca870ba30_0, 0;
    %jmp T_15.1;
T_15.0 ;
    %load/vec4 v0x56bca870bb60_0;
    %flag_set/vec4 8;
    %jmp/0xz  T_15.2, 8;
    %pushi/vec4 0, 0, 32;
    %assign/vec4 v0x56bca870ba30_0, 0;
    %load/vec4 v0x56bca870b6d0_0;
    %assign/vec4 v0x56bca870b7b0_0, 0;
    %load/vec4 v0x56bca870b870_0;
    %assign/vec4 v0x56bca870b970_0, 0;
    %jmp T_15.3;
T_15.2 ;
    %load/vec4 v0x56bca870ba30_0;
    %load/vec4 v0x56bca870b6d0_0;
    %pad/s 32;
    %load/vec4 v0x56bca870b870_0;
    %pad/s 32;
    %mul;
    %add;
    %assign/vec4 v0x56bca870ba30_0, 0;
    %load/vec4 v0x56bca870b6d0_0;
    %assign/vec4 v0x56bca870b7b0_0, 0;
    %load/vec4 v0x56bca870b870_0;
    %assign/vec4 v0x56bca870b970_0, 0;
T_15.3 ;
T_15.1 ;
    %jmp T_15;
    .thread T_15;
    .scope S_0x56bca86ab480;
T_16 ;
    %pushi/vec4 0, 0, 1;
    %store/vec4 v0x56bca870e7a0_0, 0, 1;
T_16.0 ;
    %delay 5000, 0;
    %load/vec4 v0x56bca870e7a0_0;
    %inv;
    %store/vec4 v0x56bca870e7a0_0, 0, 1;
    %jmp T_16.0;
    %end;
    .thread T_16;
    .scope S_0x56bca86ab480;
T_17 ;
    %vpi_call/w 3 47 "$dumpfile", "4x4.vcd" {0 0 0};
    %vpi_call/w 3 48 "$dumpvars", 32'sb00000000000000000000000000000000, S_0x56bca86ab480 {0 0 0};
    %end;
    .thread T_17;
    .scope S_0x56bca86ab480;
T_18 ;
    %pushi/vec4 0, 0, 32;
    %store/vec4 v0x56bca870eca0_0, 0, 32;
T_18.0 ;
    %load/vec4 v0x56bca870eca0_0;
    %cmpi/s 4, 0, 32;
    %jmp/0xz T_18.1, 5;
    %pushi/vec4 0, 0, 8;
    %ix/getv/s 4, v0x56bca870eca0_0;
    %store/vec4a v0x56bca870e130, 4, 0;
    %pushi/vec4 0, 0, 8;
    %ix/getv/s 4, v0x56bca870eca0_0;
    %store/vec4a v0x56bca870e2c0, 4, 0;
    %load/vec4 v0x56bca870eca0_0;
    %addi 1, 0, 32;
    %store/vec4 v0x56bca870eca0_0, 0, 32;
    %jmp T_18.0;
T_18.1 ;
    %end;
    .thread T_18;
    .scope S_0x56bca86ab480;
T_19 ;
    %wait E_0x56bca863a650;
    %load/vec4 v0x56bca870e840_0;
    %addi 1, 0, 32;
    %store/vec4 v0x56bca870e840_0, 0, 32;
    %pushi/vec4 0, 0, 32;
    %store/vec4 v0x56bca870eca0_0, 0, 32;
T_19.0 ;
    %load/vec4 v0x56bca870eca0_0;
    %cmpi/s 4, 0, 32;
    %jmp/0xz T_19.1, 5;
    %ix/getv/s 4, v0x56bca870eca0_0;
    %load/vec4a v0x56bca870e060, 4;
    %ix/getv/s 4, v0x56bca870eca0_0;
    %store/vec4a v0x56bca870e130, 4, 0;
    %ix/getv/s 4, v0x56bca870eca0_0;
    %load/vec4a v0x56bca870e220, 4;
    %ix/getv/s 4, v0x56bca870eca0_0;
    %store/vec4a v0x56bca870e2c0, 4, 0;
    %load/vec4 v0x56bca870eca0_0;
    %addi 1, 0, 32;
    %store/vec4 v0x56bca870eca0_0, 0, 32;
    %jmp T_19.0;
T_19.1 ;
    %vpi_call/w 3 72 "$display", "\012==============================" {0 0 0};
    %vpi_call/w 3 73 "$display", "Cycle %0d", v0x56bca870e840_0 {0 0 0};
    %vpi_call/w 3 74 "$display", "==============================" {0 0 0};
    %vpi_call/w 3 76 "$display", "Inputs used by PEs:" {0 0 0};
    %pushi/vec4 0, 0, 32;
    %store/vec4 v0x56bca870eca0_0, 0, 32;
T_19.2 ;
    %load/vec4 v0x56bca870eca0_0;
    %cmpi/s 4, 0, 32;
    %jmp/0xz T_19.3, 5;
    %vpi_call/w 3 78 "$display", "  A_row[%0d] = %0d   B_col[%0d] = %0d", v0x56bca870eca0_0, &A<v0x56bca870e130, v0x56bca870eca0_0 >, v0x56bca870eca0_0, &A<v0x56bca870e2c0, v0x56bca870eca0_0 > {0 0 0};
    %load/vec4 v0x56bca870eca0_0;
    %addi 1, 0, 32;
    %store/vec4 v0x56bca870eca0_0, 0, 32;
    %jmp T_19.2;
T_19.3 ;
    %vpi_call/w 3 81 "$display", "C matrix:" {0 0 0};
    %pushi/vec4 0, 0, 32;
    %store/vec4 v0x56bca870eca0_0, 0, 32;
T_19.4 ;
    %load/vec4 v0x56bca870eca0_0;
    %cmpi/s 4, 0, 32;
    %jmp/0xz T_19.5, 5;
    %pushi/vec4 0, 0, 32;
    %store/vec4 v0x56bca870e360_0, 0, 32;
T_19.6 ;
    %load/vec4 v0x56bca870e360_0;
    %cmpi/s 4, 0, 32;
    %jmp/0xz T_19.7, 5;
    %load/vec4 v0x56bca870eca0_0;
    %pad/s 35;
    %pad/s 37;
    %muli 4, 0, 37;
    %pad/s 38;
    %load/vec4 v0x56bca870e360_0;
    %pad/s 38;
    %add;
    %ix/vec4/s 4;
    %load/vec4a v0x56bca870e440, 4;
    %vpi_call/w 3 84 "$write", "%6d ", S<0,vec4,s32> {1 0 0};
    %load/vec4 v0x56bca870e360_0;
    %addi 1, 0, 32;
    %store/vec4 v0x56bca870e360_0, 0, 32;
    %jmp T_19.6;
T_19.7 ;
    %vpi_call/w 3 85 "$write", "\012" {0 0 0};
    %load/vec4 v0x56bca870eca0_0;
    %addi 1, 0, 32;
    %store/vec4 v0x56bca870eca0_0, 0, 32;
    %jmp T_19.4;
T_19.5 ;
    %jmp T_19;
    .thread T_19;
    .scope S_0x56bca86ab480;
T_20 ;
    %pushi/vec4 1, 0, 1;
    %store/vec4 v0x56bca870ed80_0, 0, 1;
    %pushi/vec4 0, 0, 1;
    %store/vec4 v0x56bca870e700_0, 0, 1;
    %pushi/vec4 0, 0, 32;
    %store/vec4 v0x56bca870e840_0, 0, 32;
    %pushi/vec4 0, 0, 32;
    %store/vec4 v0x56bca870ea00_0, 0, 32;
T_20.0 ;
    %load/vec4 v0x56bca870ea00_0;
    %cmpi/s 4, 0, 32;
    %jmp/0xz T_20.1, 5;
    %pushi/vec4 0, 0, 8;
    %ix/getv/s 4, v0x56bca870ea00_0;
    %store/vec4a v0x56bca870e060, 4, 0;
    %pushi/vec4 0, 0, 8;
    %ix/getv/s 4, v0x56bca870ea00_0;
    %store/vec4a v0x56bca870e220, 4, 0;
    %load/vec4 v0x56bca870ea00_0;
    %addi 1, 0, 32;
    %store/vec4 v0x56bca870ea00_0, 0, 32;
    %jmp T_20.0;
T_20.1 ;
    %delay 20000, 0;
    %pushi/vec4 0, 0, 1;
    %store/vec4 v0x56bca870ed80_0, 0, 1;
    %pushi/vec4 1, 0, 32;
    %ix/load 4, 0, 0;
    %flag_set/imm 4, 0;
    %store/vec4a v0x56bca870de50, 4, 0;
    %pushi/vec4 2, 0, 32;
    %ix/load 4, 1, 0;
    %flag_set/imm 4, 0;
    %store/vec4a v0x56bca870de50, 4, 0;
    %pushi/vec4 3, 0, 32;
    %ix/load 4, 2, 0;
    %flag_set/imm 4, 0;
    %store/vec4a v0x56bca870de50, 4, 0;
    %pushi/vec4 4, 0, 32;
    %ix/load 4, 3, 0;
    %flag_set/imm 4, 0;
    %store/vec4a v0x56bca870de50, 4, 0;
    %pushi/vec4 2, 0, 32;
    %ix/load 4, 4, 0;
    %flag_set/imm 4, 0;
    %store/vec4a v0x56bca870de50, 4, 0;
    %pushi/vec4 3, 0, 32;
    %ix/load 4, 5, 0;
    %flag_set/imm 4, 0;
    %store/vec4a v0x56bca870de50, 4, 0;
    %pushi/vec4 4, 0, 32;
    %ix/load 4, 6, 0;
    %flag_set/imm 4, 0;
    %store/vec4a v0x56bca870de50, 4, 0;
    %pushi/vec4 5, 0, 32;
    %ix/load 4, 7, 0;
    %flag_set/imm 4, 0;
    %store/vec4a v0x56bca870de50, 4, 0;
    %pushi/vec4 3, 0, 32;
    %ix/load 4, 8, 0;
    %flag_set/imm 4, 0;
    %store/vec4a v0x56bca870de50, 4, 0;
    %pushi/vec4 4, 0, 32;
    %ix/load 4, 9, 0;
    %flag_set/imm 4, 0;
    %store/vec4a v0x56bca870de50, 4, 0;
    %pushi/vec4 5, 0, 32;
    %ix/load 4, 10, 0;
    %flag_set/imm 4, 0;
    %store/vec4a v0x56bca870de50, 4, 0;
    %pushi/vec4 6, 0, 32;
    %ix/load 4, 11, 0;
    %flag_set/imm 4, 0;
    %store/vec4a v0x56bca870de50, 4, 0;
    %pushi/vec4 4, 0, 32;
    %ix/load 4, 12, 0;
    %flag_set/imm 4, 0;
    %store/vec4a v0x56bca870de50, 4, 0;
    %pushi/vec4 5, 0, 32;
    %ix/load 4, 13, 0;
    %flag_set/imm 4, 0;
    %store/vec4a v0x56bca870de50, 4, 0;
    %pushi/vec4 6, 0, 32;
    %ix/load 4, 14, 0;
    %flag_set/imm 4, 0;
    %store/vec4a v0x56bca870de50, 4, 0;
    %pushi/vec4 7, 0, 32;
    %ix/load 4, 15, 0;
    %flag_set/imm 4, 0;
    %store/vec4a v0x56bca870de50, 4, 0;
    %pushi/vec4 5, 0, 32;
    %ix/load 4, 0, 0;
    %flag_set/imm 4, 0;
    %store/vec4a v0x56bca870def0, 4, 0;
    %pushi/vec4 6, 0, 32;
    %ix/load 4, 1, 0;
    %flag_set/imm 4, 0;
    %store/vec4a v0x56bca870def0, 4, 0;
    %pushi/vec4 7, 0, 32;
    %ix/load 4, 2, 0;
    %flag_set/imm 4, 0;
    %store/vec4a v0x56bca870def0, 4, 0;
    %pushi/vec4 8, 0, 32;
    %ix/load 4, 3, 0;
    %flag_set/imm 4, 0;
    %store/vec4a v0x56bca870def0, 4, 0;
    %pushi/vec4 6, 0, 32;
    %ix/load 4, 4, 0;
    %flag_set/imm 4, 0;
    %store/vec4a v0x56bca870def0, 4, 0;
    %pushi/vec4 7, 0, 32;
    %ix/load 4, 5, 0;
    %flag_set/imm 4, 0;
    %store/vec4a v0x56bca870def0, 4, 0;
    %pushi/vec4 8, 0, 32;
    %ix/load 4, 6, 0;
    %flag_set/imm 4, 0;
    %store/vec4a v0x56bca870def0, 4, 0;
    %pushi/vec4 9, 0, 32;
    %ix/load 4, 7, 0;
    %flag_set/imm 4, 0;
    %store/vec4a v0x56bca870def0, 4, 0;
    %pushi/vec4 7, 0, 32;
    %ix/load 4, 8, 0;
    %flag_set/imm 4, 0;
    %store/vec4a v0x56bca870def0, 4, 0;
    %pushi/vec4 8, 0, 32;
    %ix/load 4, 9, 0;
    %flag_set/imm 4, 0;
    %store/vec4a v0x56bca870def0, 4, 0;
    %pushi/vec4 9, 0, 32;
    %ix/load 4, 10, 0;
    %flag_set/imm 4, 0;
    %store/vec4a v0x56bca870def0, 4, 0;
    %pushi/vec4 10, 0, 32;
    %ix/load 4, 11, 0;
    %flag_set/imm 4, 0;
    %store/vec4a v0x56bca870def0, 4, 0;
    %pushi/vec4 8, 0, 32;
    %ix/load 4, 12, 0;
    %flag_set/imm 4, 0;
    %store/vec4a v0x56bca870def0, 4, 0;
    %pushi/vec4 9, 0, 32;
    %ix/load 4, 13, 0;
    %flag_set/imm 4, 0;
    %store/vec4a v0x56bca870def0, 4, 0;
    %pushi/vec4 10, 0, 32;
    %ix/load 4, 14, 0;
    %flag_set/imm 4, 0;
    %store/vec4a v0x56bca870def0, 4, 0;
    %pushi/vec4 11, 0, 32;
    %ix/load 4, 15, 0;
    %flag_set/imm 4, 0;
    %store/vec4a v0x56bca870def0, 4, 0;
    %pushi/vec4 0, 0, 32;
    %store/vec4 v0x56bca870ea00_0, 0, 32;
T_20.2 ;
    %load/vec4 v0x56bca870ea00_0;
    %cmpi/s 4, 0, 32;
    %jmp/0xz T_20.3, 5;
    %pushi/vec4 0, 0, 32;
    %store/vec4 v0x56bca870eae0_0, 0, 32;
T_20.4 ;
    %load/vec4 v0x56bca870eae0_0;
    %cmpi/s 4, 0, 32;
    %jmp/0xz T_20.5, 5;
    %pushi/vec4 0, 0, 32;
    %load/vec4 v0x56bca870ea00_0;
    %pad/s 35;
    %pad/s 37;
    %muli 4, 0, 37;
    %pad/s 38;
    %load/vec4 v0x56bca870eae0_0;
    %pad/s 38;
    %add;
    %ix/vec4/s 4;
    %store/vec4a v0x56bca870df90, 4, 0;
    %pushi/vec4 0, 0, 32;
    %store/vec4 v0x56bca870ebc0_0, 0, 32;
T_20.6 ;
    %load/vec4 v0x56bca870ebc0_0;
    %cmpi/s 4, 0, 32;
    %jmp/0xz T_20.7, 5;
    %load/vec4 v0x56bca870ea00_0;
    %pad/s 35;
    %pad/s 37;
    %muli 4, 0, 37;
    %pad/s 38;
    %load/vec4 v0x56bca870eae0_0;
    %pad/s 38;
    %add;
    %ix/vec4/s 4;
    %load/vec4a v0x56bca870df90, 4;
    %load/vec4 v0x56bca870ea00_0;
    %pad/s 35;
    %pad/s 37;
    %muli 4, 0, 37;
    %pad/s 38;
    %load/vec4 v0x56bca870ebc0_0;
    %pad/s 38;
    %add;
    %ix/vec4/s 4;
    %load/vec4a v0x56bca870de50, 4;
    %load/vec4 v0x56bca870ebc0_0;
    %pad/s 35;
    %pad/s 37;
    %muli 4, 0, 37;
    %pad/s 38;
    %load/vec4 v0x56bca870eae0_0;
    %pad/s 38;
    %add;
    %ix/vec4/s 4;
    %load/vec4a v0x56bca870def0, 4;
    %mul;
    %add;
    %load/vec4 v0x56bca870ea00_0;
    %pad/s 35;
    %pad/s 37;
    %muli 4, 0, 37;
    %pad/s 38;
    %load/vec4 v0x56bca870eae0_0;
    %pad/s 38;
    %add;
    %ix/vec4/s 4;
    %store/vec4a v0x56bca870df90, 4, 0;
    %load/vec4 v0x56bca870ebc0_0;
    %addi 1, 0, 32;
    %store/vec4 v0x56bca870ebc0_0, 0, 32;
    %jmp T_20.6;
T_20.7 ;
    %load/vec4 v0x56bca870eae0_0;
    %addi 1, 0, 32;
    %store/vec4 v0x56bca870eae0_0, 0, 32;
    %jmp T_20.4;
T_20.5 ;
    %load/vec4 v0x56bca870ea00_0;
    %addi 1, 0, 32;
    %store/vec4 v0x56bca870ea00_0, 0, 32;
    %jmp T_20.2;
T_20.3 ;
    %wait E_0x56bca863a650;
    %pushi/vec4 1, 0, 1;
    %store/vec4 v0x56bca870e700_0, 0, 1;
    %wait E_0x56bca863a650;
    %pushi/vec4 0, 0, 1;
    %store/vec4 v0x56bca870e700_0, 0, 1;
    %pushi/vec4 0, 0, 32;
    %store/vec4 v0x56bca870ee20_0, 0, 32;
T_20.8 ;
    %load/vec4 v0x56bca870ee20_0;
    %cmpi/s 7, 0, 32;
    %jmp/0xz T_20.9, 5;
    %wait E_0x56bca863a650;
    %pushi/vec4 0, 0, 32;
    %store/vec4 v0x56bca870ea00_0, 0, 32;
T_20.10 ;
    %load/vec4 v0x56bca870ea00_0;
    %cmpi/s 4, 0, 32;
    %jmp/0xz T_20.11, 5;
    %load/vec4 v0x56bca870ee20_0;
    %load/vec4 v0x56bca870ea00_0;
    %sub;
    %store/vec4 v0x56bca870ebc0_0, 0, 32;
    %pushi/vec4 0, 0, 32;
    %load/vec4 v0x56bca870ebc0_0;
    %cmp/s;
    %flag_get/vec4 4;
    %flag_get/vec4 5;
    %or;
    %load/vec4 v0x56bca870ebc0_0;
    %cmpi/s 4, 0, 32;
    %flag_get/vec4 5;
    %and;
    %flag_set/vec4 8;
    %jmp/0xz  T_20.12, 8;
    %load/vec4 v0x56bca870ea00_0;
    %pad/s 35;
    %pad/s 37;
    %muli 4, 0, 37;
    %pad/s 38;
    %load/vec4 v0x56bca870ebc0_0;
    %pad/s 38;
    %add;
    %ix/vec4/s 4;
    %load/vec4a v0x56bca870de50, 4;
    %pad/s 8;
    %ix/getv/s 4, v0x56bca870ea00_0;
    %store/vec4a v0x56bca870e060, 4, 0;
    %jmp T_20.13;
T_20.12 ;
    %pushi/vec4 0, 0, 8;
    %ix/getv/s 4, v0x56bca870ea00_0;
    %store/vec4a v0x56bca870e060, 4, 0;
T_20.13 ;
    %load/vec4 v0x56bca870ea00_0;
    %addi 1, 0, 32;
    %store/vec4 v0x56bca870ea00_0, 0, 32;
    %jmp T_20.10;
T_20.11 ;
    %pushi/vec4 0, 0, 32;
    %store/vec4 v0x56bca870eae0_0, 0, 32;
T_20.14 ;
    %load/vec4 v0x56bca870eae0_0;
    %cmpi/s 4, 0, 32;
    %jmp/0xz T_20.15, 5;
    %load/vec4 v0x56bca870ee20_0;
    %load/vec4 v0x56bca870eae0_0;
    %sub;
    %store/vec4 v0x56bca870ebc0_0, 0, 32;
    %pushi/vec4 0, 0, 32;
    %load/vec4 v0x56bca870ebc0_0;
    %cmp/s;
    %flag_get/vec4 4;
    %flag_get/vec4 5;
    %or;
    %load/vec4 v0x56bca870ebc0_0;
    %cmpi/s 4, 0, 32;
    %flag_get/vec4 5;
    %and;
    %flag_set/vec4 8;
    %jmp/0xz  T_20.16, 8;
    %load/vec4 v0x56bca870ebc0_0;
    %pad/s 35;
    %pad/s 37;
    %muli 4, 0, 37;
    %pad/s 38;
    %load/vec4 v0x56bca870eae0_0;
    %pad/s 38;
    %add;
    %ix/vec4/s 4;
    %load/vec4a v0x56bca870def0, 4;
    %pad/s 8;
    %ix/getv/s 4, v0x56bca870eae0_0;
    %store/vec4a v0x56bca870e220, 4, 0;
    %jmp T_20.17;
T_20.16 ;
    %pushi/vec4 0, 0, 8;
    %ix/getv/s 4, v0x56bca870eae0_0;
    %store/vec4a v0x56bca870e220, 4, 0;
T_20.17 ;
    %load/vec4 v0x56bca870eae0_0;
    %addi 1, 0, 32;
    %store/vec4 v0x56bca870eae0_0, 0, 32;
    %jmp T_20.14;
T_20.15 ;
    %load/vec4 v0x56bca870ee20_0;
    %addi 1, 0, 32;
    %store/vec4 v0x56bca870ee20_0, 0, 32;
    %jmp T_20.8;
T_20.9 ;
    %wait E_0x56bca863a650;
    %pushi/vec4 0, 0, 32;
    %store/vec4 v0x56bca870ea00_0, 0, 32;
T_20.18 ;
    %load/vec4 v0x56bca870ea00_0;
    %cmpi/s 4, 0, 32;
    %jmp/0xz T_20.19, 5;
    %pushi/vec4 0, 0, 8;
    %ix/getv/s 4, v0x56bca870ea00_0;
    %store/vec4a v0x56bca870e060, 4, 0;
    %pushi/vec4 0, 0, 8;
    %ix/getv/s 4, v0x56bca870ea00_0;
    %store/vec4a v0x56bca870e220, 4, 0;
    %load/vec4 v0x56bca870ea00_0;
    %addi 1, 0, 32;
    %store/vec4 v0x56bca870ea00_0, 0, 32;
    %jmp T_20.18;
T_20.19 ;
    %pushi/vec4 10, 0, 32;
T_20.20 %dup/vec4;
    %pushi/vec4 0, 0, 32;
    %cmp/s;
    %jmp/1xz T_20.21, 5;
    %jmp/1 T_20.21, 4;
    %pushi/vec4 1, 0, 32;
    %sub;
    %wait E_0x56bca863a650;
    %jmp T_20.20;
T_20.21 ;
    %pop/vec4 1;
    %vpi_call/w 3 161 "$display", "\012========================================" {0 0 0};
    %vpi_call/w 3 162 "$display", "Final Results:" {0 0 0};
    %vpi_call/w 3 163 "$display", "========================================" {0 0 0};
    %pushi/vec4 0, 0, 32;
    %store/vec4 v0x56bca870ea00_0, 0, 32;
T_20.22 ;
    %load/vec4 v0x56bca870ea00_0;
    %cmpi/s 4, 0, 32;
    %jmp/0xz T_20.23, 5;
    %pushi/vec4 0, 0, 32;
    %store/vec4 v0x56bca870eae0_0, 0, 32;
T_20.24 ;
    %load/vec4 v0x56bca870eae0_0;
    %cmpi/s 4, 0, 32;
    %jmp/0xz T_20.25, 5;
    %load/vec4 v0x56bca870ea00_0;
    %pad/s 35;
    %pad/s 37;
    %muli 4, 0, 37;
    %pad/s 38;
    %load/vec4 v0x56bca870eae0_0;
    %pad/s 38;
    %add;
    %ix/vec4/s 4;
    %load/vec4a v0x56bca870e440, 4;
    %vpi_call/w 3 167 "$write", "%0d ", S<0,vec4,s32> {1 0 0};
    %load/vec4 v0x56bca870eae0_0;
    %addi 1, 0, 32;
    %store/vec4 v0x56bca870eae0_0, 0, 32;
    %jmp T_20.24;
T_20.25 ;
    %vpi_call/w 3 168 "$write", "\012" {0 0 0};
    %load/vec4 v0x56bca870ea00_0;
    %addi 1, 0, 32;
    %store/vec4 v0x56bca870ea00_0, 0, 32;
    %jmp T_20.22;
T_20.23 ;
    %pushi/vec4 0, 0, 32;
    %store/vec4 v0x56bca870e920_0, 0, 32;
    %pushi/vec4 0, 0, 32;
    %store/vec4 v0x56bca870ea00_0, 0, 32;
T_20.26 ;
    %load/vec4 v0x56bca870ea00_0;
    %cmpi/s 4, 0, 32;
    %jmp/0xz T_20.27, 5;
    %pushi/vec4 0, 0, 32;
    %store/vec4 v0x56bca870eae0_0, 0, 32;
T_20.28 ;
    %load/vec4 v0x56bca870eae0_0;
    %cmpi/s 4, 0, 32;
    %jmp/0xz T_20.29, 5;
    %load/vec4 v0x56bca870ea00_0;
    %pad/s 35;
    %pad/s 37;
    %muli 4, 0, 37;
    %pad/s 38;
    %load/vec4 v0x56bca870eae0_0;
    %pad/s 38;
    %add;
    %ix/vec4/s 4;
    %load/vec4a v0x56bca870e440, 4;
    %load/vec4 v0x56bca870ea00_0;
    %pad/s 35;
    %pad/s 37;
    %muli 4, 0, 37;
    %pad/s 38;
    %load/vec4 v0x56bca870eae0_0;
    %pad/s 38;
    %add;
    %ix/vec4/s 4;
    %load/vec4a v0x56bca870df90, 4;
    %cmp/ne;
    %jmp/0xz  T_20.30, 6;
    %load/vec4 v0x56bca870e920_0;
    %addi 1, 0, 32;
    %store/vec4 v0x56bca870e920_0, 0, 32;
T_20.30 ;
    %load/vec4 v0x56bca870eae0_0;
    %addi 1, 0, 32;
    %store/vec4 v0x56bca870eae0_0, 0, 32;
    %jmp T_20.28;
T_20.29 ;
    %load/vec4 v0x56bca870ea00_0;
    %addi 1, 0, 32;
    %store/vec4 v0x56bca870ea00_0, 0, 32;
    %jmp T_20.26;
T_20.27 ;
    %load/vec4 v0x56bca870e920_0;
    %cmpi/e 0, 0, 32;
    %jmp/0xz  T_20.32, 4;
    %vpi_call/w 3 179 "$display", "PASSED!" {0 0 0};
    %jmp T_20.33;
T_20.32 ;
    %vpi_call/w 3 181 "$display", "FAILED! mismatches = %0d", v0x56bca870e920_0 {0 0 0};
T_20.33 ;
    %vpi_call/w 3 183 "$display", "========================================\012" {0 0 0};
    %delay 20000, 0;
    %vpi_call/w 3 185 "$finish" {0 0 0};
    %end;
    .thread T_20;
# The file index is used to find the file name in the following table.
:file_names 6;
    "N/A";
    "<interactive>";
    "-";
    "tb_NxN_systolic_array_4x4.v";
    "NxN_systolic_array.v";
    "pe.v";
